{
  "stats": {
    "suites": 2,
    "tests": 2,
    "passes": 2,
    "pending": 0,
    "failures": 0,
    "start": "2024-04-05T17:54:04.830Z",
    "end": "2024-04-05T17:54:14.130Z",
    "duration": 9300,
    "testsRegistered": 2,
    "passPercent": 100,
    "pendingPercent": 0,
    "other": 0,
    "hasOther": false,
    "skipped": 0,
    "hasSkipped": false
  },
  "results": [
    {
      "uuid": "548bd43d-5c47-4770-b7d2-97d8a93ddba0",
      "title": "",
      "fullFile": "",
      "file": "",
      "beforeHooks": [],
      "afterHooks": [],
      "tests": [],
      "suites": [
        {
          "uuid": "53609d13-c375-49a3-a824-28da3434e7ff",
          "title": "add another todo app test",
          "fullFile": "/Users/giancarlocarlin/Projects/selenium-practice/test/thirdTest.js",
          "file": "/test/thirdTest.js",
          "beforeHooks": [
            {
              "title": "\"before each\" hook in \"add another todo app test\"",
              "fullTitle": "add another todo app test \"before each\" hook in \"add another todo app test\"",
              "timedOut": null,
              "duration": 0,
              "state": null,
              "speed": null,
              "pass": false,
              "fail": false,
              "pending": null,
              "context": null,
              "code": "",
              "err": {},
              "uuid": "688acb5d-1020-4f82-91c4-3d3da753968f",
              "parentUUID": null,
              "isHook": true,
              "skipped": false
            }
          ],
          "afterHooks": [],
          "tests": [
            {
              "title": "successfully adds another todo to application",
              "fullTitle": "add another todo app test successfully adds another todo to application",
              "timedOut": null,
              "duration": 8753,
              "state": "passed",
              "speed": "slow",
              "pass": true,
              "fail": false,
              "pending": false,
              "context": null,
              "code": "// launch the browser\nlet driver = await new Builder().forBrowser(\"firefox\").build();\n// navigate to the url\nawait driver.get(\"https://lambdatest.github.io/sample-todo-app/\");\n// add a todo using locators and actions\nawait driver\n  .findElement({ id: \"sampletodotext\" })\n  .sendKeys(\"Learn to automate with Selenium\");\nawait driver.findElement({ id: \"addbutton\" }).click();\n// assert the todo\nlet newTodo = await driver\n  .findElement({\n    xpath: \"//li[last()]\",\n  })\n  .getText();\n// assert using chai should library\nnewTodo.should.equal(\"Learn to automate with Selenium\");\nawait driver.quit();",
              "err": {},
              "uuid": "af65ca98-198e-4784-bc10-2cd42b20551c",
              "parentUUID": null,
              "isHook": false,
              "skipped": false
            }
          ],
          "suites": [],
          "passes": [
            "af65ca98-198e-4784-bc10-2cd42b20551c"
          ],
          "failures": [],
          "pending": [],
          "skipped": [],
          "duration": 8753,
          "root": false,
          "rootEmpty": false,
          "_timeout": null
        },
        {
          "uuid": "6cbd327b-3a58-4bec-919e-bf28b7b4b136",
          "title": "add todo app tests",
          "fullFile": "/Users/giancarlocarlin/Projects/selenium-practice/test/secondTestWithMocha.js",
          "file": "/test/secondTestWithMocha.js",
          "beforeHooks": [],
          "afterHooks": [],
          "tests": [
            {
              "title": "successfully adds a todo to application",
              "fullTitle": "add todo app tests successfully adds a todo to application",
              "timedOut": null,
              "duration": 8912,
              "state": "passed",
              "speed": "slow",
              "pass": true,
              "fail": false,
              "pending": false,
              "context": null,
              "code": "// launch the browser\nlet driver = await new Builder().forBrowser(\"firefox\").build();\n// navigate to the url\nawait driver.get(\"https://lambdatest.github.io/sample-todo-app/\");\n// add a todo using locators and actions\nawait driver\n  .findElement({ id: \"sampletodotext\" })\n  .sendKeys(\"Learn to automate with Selenium\");\nawait driver.findElement({ id: \"addbutton\" }).click();\n// assert the todo\nlet newTodo = await driver\n  .findElement({\n    xpath: \"//li[last()]\",\n  })\n  .getText();\n// assert using chai should library\nnewTodo.should.equal(\"Learn to automate with Selenium\");\nawait driver.quit();",
              "err": {},
              "uuid": "dfa9c199-31e2-423d-8e12-e651daacfd9d",
              "parentUUID": null,
              "isHook": false,
              "skipped": false
            }
          ],
          "suites": [],
          "passes": [
            "dfa9c199-31e2-423d-8e12-e651daacfd9d"
          ],
          "failures": [],
          "pending": [],
          "skipped": [],
          "duration": 8912,
          "root": false,
          "rootEmpty": false,
          "_timeout": null
        }
      ],
      "passes": [],
      "failures": [],
      "pending": [],
      "skipped": [],
      "duration": 0,
      "root": true,
      "rootEmpty": true,
      "_timeout": 0
    }
  ],
  "meta": {
    "mocha": {
      "version": "10.4.0"
    },
    "mochawesome": {
      "options": {
        "quiet": false,
        "reportFilename": "tests-report",
        "saveHtml": true,
        "saveJson": true,
        "consoleReporter": "spec",
        "useInlineDiffs": false,
        "code": true
      },
      "version": "7.1.3"
    },
    "marge": {
      "options": {
        "reportDir": "reports",
        "reportFilename": "tests-report"
      },
      "version": "6.2.0"
    }
  }
}