{
  "stats": {
    "suites": 2,
    "tests": 2,
    "passes": 2,
    "pending": 0,
    "failures": 0,
    "start": "2024-04-05T19:17:35.794Z",
    "end": "2024-04-05T19:17:53.144Z",
    "duration": 17350,
    "testsRegistered": 2,
    "passPercent": 100,
    "pendingPercent": 0,
    "other": 0,
    "hasOther": false,
    "skipped": 0,
    "hasSkipped": false
  },
  "results": [
    {
      "uuid": "9dfd486c-e12d-4e57-8ba4-b0752b4533fe",
      "title": "",
      "fullFile": "",
      "file": "",
      "beforeHooks": [],
      "afterHooks": [],
      "tests": [],
      "suites": [
        {
          "uuid": "fb38b244-0bfc-4133-ab4f-7f1017ed7f51",
          "title": "add todo app tests",
          "fullFile": "/Users/giancarlocarlin/Projects/selenium-practice/test/secondTestWithMocha.js",
          "file": "/test/secondTestWithMocha.js",
          "beforeHooks": [],
          "afterHooks": [],
          "tests": [
            {
              "title": "successfully adds a todo to application",
              "fullTitle": "add todo app tests successfully adds a todo to application",
              "timedOut": null,
              "duration": 5067,
              "state": "passed",
              "speed": "slow",
              "pass": true,
              "fail": false,
              "pending": false,
              "context": null,
              "code": "// launch the browser\nlet driver = await new Builder().forBrowser(\"firefox\").build();\n// navigate to the url\nawait driver.get(\"https://lambdatest.github.io/sample-todo-app/\");\n// add a todo using locators and actions\nawait driver\n  .findElement({ id: \"sampletodotext\" })\n  .sendKeys(\"Learn to automate with Selenium\");\nawait driver.findElement({ id: \"addbutton\" }).click();\n// assert the todo\nlet newTodo = await driver\n  .findElement({\n    xpath: \"//li[last()]\",\n  })\n  .getText();\n// assert using chai should library\nnewTodo.should.equal(\"Learn to automate with Selenium\");\nawait driver.quit();",
              "err": {},
              "uuid": "9cd60c4b-7d7f-4b50-8d2f-06e48956df2f",
              "parentUUID": null,
              "isHook": false,
              "skipped": false
            }
          ],
          "suites": [],
          "passes": [
            "9cd60c4b-7d7f-4b50-8d2f-06e48956df2f"
          ],
          "failures": [],
          "pending": [],
          "skipped": [],
          "duration": 5067,
          "root": false,
          "rootEmpty": false,
          "_timeout": null
        },
        {
          "uuid": "2f010a3a-67cc-4cac-a5b4-dcfdec895713",
          "title": "add another todo app test",
          "fullFile": "/Users/giancarlocarlin/Projects/selenium-practice/test/thirdTest.js",
          "file": "/test/thirdTest.js",
          "beforeHooks": [
            {
              "title": "\"before each\" hook in \"add another todo app test\"",
              "fullTitle": "add another todo app test \"before each\" hook in \"add another todo app test\"",
              "timedOut": null,
              "duration": 3,
              "state": null,
              "speed": null,
              "pass": false,
              "fail": false,
              "pending": null,
              "context": null,
              "code": "lambdaTestCapabilities.capability[\"LT:Options\"].build =\n  this.currentTest.title;\ndriver = new Builder()\n  .usingServer(gridURL)\n  .withCapabilities(lambdaTestCapabilities.capability)\n  .build();",
              "err": {},
              "uuid": "fd0b49ce-b8e8-4001-9fd9-b42e028d5937",
              "parentUUID": null,
              "isHook": true,
              "skipped": false
            }
          ],
          "afterHooks": [
            {
              "title": "\"after each\" hook in \"add another todo app test\"",
              "fullTitle": "add another todo app test \"after each\" hook in \"add another todo app test\"",
              "timedOut": null,
              "duration": 1066,
              "state": null,
              "speed": null,
              "pass": false,
              "fail": false,
              "pending": null,
              "context": null,
              "code": "await driver.quit();",
              "err": {},
              "uuid": "71318edf-2806-4af1-8ce0-10c5981d2a12",
              "parentUUID": null,
              "isHook": true,
              "skipped": false
            }
          ],
          "tests": [
            {
              "title": "successfully adds another todo to application",
              "fullTitle": "add another todo app test successfully adds another todo to application",
              "timedOut": null,
              "duration": 15933,
              "state": "passed",
              "speed": "slow",
              "pass": true,
              "fail": false,
              "pending": false,
              "context": null,
              "code": "// launch the browser\n//let driver = await new Builder().forBrowser(\"firefox\").build();\n// navigate to the url\nawait driver.get(\"https://lambdatest.github.io/sample-todo-app/\");\n// add a todo using locators and actions\nawait driver\n  .findElement({ id: \"sampletodotext\" })\n  .sendKeys(\"Learn to automate with Selenium\");\nawait driver.findElement({ id: \"addbutton\" }).click();\n// assert the todo\nlet newTodo = await driver\n  .findElement({\n    xpath: \"//li[last()]\",\n  })\n  .getText();\n// assert using chai should library\nnewTodo.should.equal(\"Learn to automate with Selenium\");",
              "err": {},
              "uuid": "30cac4ae-6487-44c7-9ce6-630c6945ccec",
              "parentUUID": null,
              "isHook": false,
              "skipped": false
            }
          ],
          "suites": [],
          "passes": [
            "30cac4ae-6487-44c7-9ce6-630c6945ccec"
          ],
          "failures": [],
          "pending": [],
          "skipped": [],
          "duration": 15933,
          "root": false,
          "rootEmpty": false,
          "_timeout": null
        }
      ],
      "passes": [],
      "failures": [],
      "pending": [],
      "skipped": [],
      "duration": 0,
      "root": true,
      "rootEmpty": true,
      "_timeout": 0
    }
  ],
  "meta": {
    "mocha": {
      "version": "10.4.0"
    },
    "mochawesome": {
      "options": {
        "quiet": false,
        "reportFilename": "tests-report",
        "saveHtml": true,
        "saveJson": true,
        "consoleReporter": "spec",
        "useInlineDiffs": false,
        "code": true
      },
      "version": "7.1.3"
    },
    "marge": {
      "options": {
        "reportDir": "reports",
        "reportFilename": "tests-report"
      },
      "version": "6.2.0"
    }
  }
}