{
  "stats": {
    "suites": 2,
    "tests": 2,
    "passes": 2,
    "pending": 0,
    "failures": 0,
    "start": "2024-03-12T23:53:49.487Z",
    "end": "2024-03-12T23:53:56.738Z",
    "duration": 7251,
    "testsRegistered": 2,
    "passPercent": 100,
    "pendingPercent": 0,
    "other": 0,
    "hasOther": false,
    "skipped": 0,
    "hasSkipped": false
  },
  "results": [
    {
      "uuid": "defd23ed-d0da-451f-a3a2-8362d841199f",
      "title": "",
      "fullFile": "",
      "file": "",
      "beforeHooks": [],
      "afterHooks": [],
      "tests": [],
      "suites": [
        {
          "uuid": "cc60ad7d-7d26-496e-9039-2e174eb8282a",
          "title": "add todo app tests",
          "fullFile": "/Users/giancarlocarlin/Projects/selenium-practice/test/secondTestWithMocha.js",
          "file": "/test/secondTestWithMocha.js",
          "beforeHooks": [],
          "afterHooks": [],
          "tests": [
            {
              "title": "successfully adds a todo to application",
              "fullTitle": "add todo app tests successfully adds a todo to application",
              "timedOut": null,
              "duration": 6796,
              "state": "passed",
              "speed": "slow",
              "pass": true,
              "fail": false,
              "pending": false,
              "context": null,
              "code": "// launch the browser\nlet driver = await new Builder().forBrowser(\"firefox\").build();\n// navigate to the url\nawait driver.get(\"https://lambdatest.github.io/sample-todo-app/\");\n// add a todo using locators and actions\nawait driver\n  .findElement({ id: \"sampletodotext\" })\n  .sendKeys(\"Learn to automate with Selenium\");\nawait driver.findElement({ id: \"addbutton\" }).click();\n// assert the todo\nlet newTodo = await driver\n  .findElement({\n    xpath: \"//li[last()]\",\n  })\n  .getText();\n// assert using chai should library\nnewTodo.should.equal(\"Learn to automate with Selenium\");\nawait driver.quit();",
              "err": {},
              "uuid": "dc390036-8be5-4ccb-b087-492a0f3ec068",
              "parentUUID": null,
              "isHook": false,
              "skipped": false
            }
          ],
          "suites": [],
          "passes": [
            "dc390036-8be5-4ccb-b087-492a0f3ec068"
          ],
          "failures": [],
          "pending": [],
          "skipped": [],
          "duration": 6796,
          "root": false,
          "rootEmpty": false,
          "_timeout": null
        },
        {
          "uuid": "326ed0f9-e942-4628-bdf1-332b0905c745",
          "title": "add another todo app test",
          "fullFile": "/Users/giancarlocarlin/Projects/selenium-practice/test/thirdTest.js",
          "file": "/test/thirdTest.js",
          "beforeHooks": [],
          "afterHooks": [],
          "tests": [
            {
              "title": "successfully adds another todo to application",
              "fullTitle": "add another todo app test successfully adds another todo to application",
              "timedOut": null,
              "duration": 6835,
              "state": "passed",
              "speed": "slow",
              "pass": true,
              "fail": false,
              "pending": false,
              "context": null,
              "code": "// launch the browser\nlet driver = await new Builder().forBrowser(\"firefox\").build();\n// navigate to the url\nawait driver.get(\"https://lambdatest.github.io/sample-todo-app/\");\n// add a todo using locators and actions\nawait driver\n  .findElement({ id: \"sampletodotext\" })\n  .sendKeys(\"Learn to automate with Selenium\");\nawait driver.findElement({ id: \"addbutton\" }).click();\n// assert the todo\nlet newTodo = await driver\n  .findElement({\n    xpath: \"//li[last()]\",\n  })\n  .getText();\n// assert using chai should library\nnewTodo.should.equal(\"Learn to automate with Selenium\");\nawait driver.quit();",
              "err": {},
              "uuid": "860efa06-6a46-401c-9ed4-05a62a467a6e",
              "parentUUID": null,
              "isHook": false,
              "skipped": false
            }
          ],
          "suites": [],
          "passes": [
            "860efa06-6a46-401c-9ed4-05a62a467a6e"
          ],
          "failures": [],
          "pending": [],
          "skipped": [],
          "duration": 6835,
          "root": false,
          "rootEmpty": false,
          "_timeout": null
        }
      ],
      "passes": [],
      "failures": [],
      "pending": [],
      "skipped": [],
      "duration": 0,
      "root": true,
      "rootEmpty": true,
      "_timeout": 0
    }
  ],
  "meta": {
    "mocha": {
      "version": "10.3.0"
    },
    "mochawesome": {
      "options": {
        "quiet": false,
        "reportFilename": "mochawesome",
        "saveHtml": true,
        "saveJson": true,
        "consoleReporter": "spec",
        "useInlineDiffs": false,
        "code": true
      },
      "version": "7.1.3"
    },
    "marge": {
      "options": null,
      "version": "6.2.0"
    }
  }
}